# JRE version: OpenJDK Runtime Environment (17.0.9+9) (build 17.0.9+9-Ubuntu-122.04)
# Java VM: OpenJDK 64-Bit Server VM (17.0.9+9-Ubuntu-122.04, mixed mode, sharing, tiered, compressed oops, compressed class ptrs, g1 gc, linux-amd64)
Heap:
 garbage-first heap   total 772096K, used 217768K [0x0000000707800000, 0x0000000800000000)
  region size 2048K, 17 young (34816K), 9 survivors (18432K)
 Metaspace       used 81446K, committed 82176K, reserved 1179648K
  class space    used 11436K, committed 11776K, reserved 1048576K
GC Heap History (20 events):
Event: 14.027 GC heap before
{Heap before GC invocations=30 (full 0):
 garbage-first heap   total 1159168K, used 798359K [0x0000000707800000, 0x0000000800000000)
  region size 2048K, 256 young (524288K), 27 survivors (55296K)
 Metaspace       used 16676K, committed 16896K, reserved 1114112K
  class space    used 1893K, committed 1984K, reserved 1048576K
}
Event: 14.055 GC heap after
{Heap after GC invocations=31 (full 0):
 garbage-first heap   total 1159168K, used 385417K [0x0000000707800000, 0x0000000800000000)
  region size 2048K, 27 young (55296K), 27 survivors (55296K)
 Metaspace       used 16676K, committed 16896K, reserved 1114112K
  class space    used 1893K, committed 1984K, reserved 1048576K
}
Event: 14.749 GC heap before
{Heap before GC invocations=31 (full 0):
 garbage-first heap   total 1159168K, used 833929K [0x0000000707800000, 0x0000000800000000)
  region size 2048K, 246 young (503808K), 27 survivors (55296K)
 Metaspace       used 16730K, committed 16896K, reserved 1114112K
  class space    used 1897K, committed 1984K, reserved 1048576K
}
Event: 14.777 GC heap after
{Heap after GC invocations=32 (full 0):
 garbage-first heap   total 1159168K, used 436888K [0x0000000707800000, 0x0000000800000000)
  region size 2048K, 23 young (47104K), 23 survivors (47104K)
 Metaspace       used 16730K, committed 16896K, reserved 1114112K
  class space    used 1897K, committed 1984K, reserved 1048576K
}
Event: 16.471 GC heap before
{Heap before GC invocations=32 (full 0):
 garbage-first heap   total 1159168K, used 869016K [0x0000000707800000, 0x0000000800000000)
  region size 2048K, 232 young (475136K), 23 survivors (47104K)
 Metaspace       used 22632K, committed 22912K, reserved 1114112K
  class space    used 2673K, committed 2816K, reserved 1048576K
}
Event: 16.491 GC heap after
{Heap after GC invocations=33 (full 0):
 garbage-first heap   total 1159168K, used 456880K [0x0000000707800000, 0x0000000800000000)
  region size 2048K, 8 young (16384K), 8 survivors (16384K)
 Metaspace       used 22632K, committed 22912K, reserved 1114112K
  class space    used 2673K, committed 2816K, reserved 1048576K
}
Event: 17.006 GC heap before
{Heap before GC invocations=33 (full 0):
 garbage-first heap   total 1159168K, used 518320K [0x0000000707800000, 0x0000000800000000)
  region size 2048K, 33 young (67584K), 8 survivors (16384K)
 Metaspace       used 27650K, committed 27968K, reserved 1114112K
  class space    used 3229K, committed 3392K, reserved 1048576K
}
Event: 17.016 GC heap after
{Heap after GC invocations=34 (full 0):
 garbage-first heap   total 1159168K, used 466096K [0x0000000707800000, 0x0000000800000000)
  region size 2048K, 6 young (12288K), 6 survivors (12288K)
 Metaspace       used 27650K, committed 27968K, reserved 1114112K
  class space    used 3229K, committed 3392K, reserved 1048576K
}
Event: 19.142 GC heap before
{Heap before GC invocations=35 (full 0):
 garbage-first heap   total 1159168K, used 844976K [0x0000000707800000, 0x0000000800000000)
  region size 2048K, 229 young (468992K), 6 survivors (12288K)
 Metaspace       used 36272K, committed 36736K, reserved 1114112K
  class space    used 4368K, committed 4608K, reserved 1048576K
}
Event: 19.180 GC heap after
{Heap after GC invocations=36 (full 0):
 garbage-first heap   total 1159168K, used 428447K [0x0000000707800000, 0x0000000800000000)
  region size 2048K, 26 young (53248K), 26 survivors (53248K)
 Metaspace       used 36272K, committed 36736K, reserved 1114112K
  class space    used 4368K, committed 4608K, reserved 1048576K
}
Event: 19.213 GC heap before
{Heap before GC invocations=36 (full 0):
 garbage-first heap   total 1159168K, used 432543K [0x0000000707800000, 0x0000000800000000)
  region size 2048K, 28 young (57344K), 26 survivors (53248K)
 Metaspace       used 36274K, committed 36736K, reserved 1114112K
  class space    used 4368K, committed 4608K, reserved 1048576K
}
Event: 19.243 GC heap after
{Heap after GC invocations=37 (full 0):
 garbage-first heap   total 1159168K, used 358311K [0x0000000707800000, 0x0000000800000000)
  region size 2048K, 2 young (4096K), 2 survivors (4096K)
 Metaspace       used 36274K, committed 36736K, reserved 1114112K
  class space    used 4368K, committed 4608K, reserved 1048576K
}
Event: 20.709 GC heap before
{Heap before GC invocations=37 (full 0):
 garbage-first heap   total 1159168K, used 634791K [0x0000000707800000, 0x0000000800000000)
  region size 2048K, 137 young (280576K), 2 survivors (4096K)
 Metaspace       used 46878K, committed 47360K, reserved 1114112K
  class space    used 6282K, committed 6528K, reserved 1048576K
}
Event: 20.727 GC heap after
{Heap after GC invocations=38 (full 0):
 garbage-first heap   total 1159168K, used 381629K [0x0000000707800000, 0x0000000800000000)
  region size 2048K, 14 young (28672K), 14 survivors (28672K)
 Metaspace       used 46878K, committed 47360K, reserved 1114112K
  class space    used 6282K, committed 6528K, reserved 1048576K
}
Event: 23.068 GC heap before
{Heap before GC invocations=39 (full 0):
 garbage-first heap   total 772096K, used 651965K [0x0000000707800000, 0x0000000800000000)
  region size 2048K, 226 young (462848K), 14 survivors (28672K)
 Metaspace       used 67440K, committed 68160K, reserved 1114112K
  class space    used 9791K, committed 10112K, reserved 1048576K
}
Event: 23.108 GC heap after
{Heap after GC invocations=40 (full 0):
 garbage-first heap   total 772096K, used 245303K [0x0000000707800000, 0x0000000800000000)
  region size 2048K, 27 young (55296K), 27 survivors (55296K)
 Metaspace       used 67440K, committed 68160K, reserved 1114112K
  class space    used 9791K, committed 10112K, reserved 1048576K
}
Event: 23.117 GC heap before
{Heap before GC invocations=40 (full 0):
 garbage-first heap   total 772096K, used 247351K [0x0000000707800000, 0x0000000800000000)
  region size 2048K, 28 young (57344K), 27 survivors (55296K)
 Metaspace       used 67442K, committed 68160K, reserved 1114112K
  class space    used 9791K, committed 10112K, reserved 1048576K
}
Event: 23.152 GC heap after
{Heap after GC invocations=41 (full 0):
 garbage-first heap   total 772096K, used 191883K [0x0000000707800000, 0x0000000800000000)
  region size 2048K, 3 young (6144K), 3 survivors (6144K)
 Metaspace       used 67442K, committed 68160K, reserved 1114112K
  class space    used 9791K, committed 10112K, reserved 1048576K
}
Event: 25.028 GC heap before
{Heap before GC invocations=41 (full 0):
 garbage-first heap   total 772096K, used 462219K [0x0000000707800000, 0x0000000800000000)
  region size 2048K, 136 young (278528K), 3 survivors (6144K)
 Metaspace       used 80153K, committed 80896K, reserved 1179648K
  class space    used 11285K, committed 11648K, reserved 1048576K
}
Event: 25.042 GC heap after
{Heap after GC invocations=42 (full 0):
 garbage-first heap   total 772096K, used 203432K [0x0000000707800000, 0x0000000800000000)
  region size 2048K, 9 young (18432K), 9 survivors (18432K)
 Metaspace       used 80153K, committed 80896K, reserved 1179648K
  class space    used 11285K, committed 11648K, reserved 1048576K
}

